Arguments: 
  C:\Program Files\nodejs\node.exe C:\Users\Aminu\AppData\Roaming\npm\node_modules\yarn\bin\yarn.js add @fortawesome/react-fontawesome

PATH: 
  C:\WINDOWS\system32;C:\WINDOWS;C:\WINDOWS\System32\Wbem;C:\WINDOWS\System32\WindowsPowerShell\v1.0\;C:\WINDOWS\System32\OpenSSH\;C:\Program Files\nodejs\;C:\Program Files\Git\cmd;C:\xampp\php;C:\xampp\mysql\bin;C:\ProgramData\ComposerSetup\bin;C:\Users\Aminu\AppData\Local\Programs\Python\Python311\Scripts\;C:\Users\Aminu\AppData\Local\Programs\Python\Python311\;C:\Users\Aminu\AppData\Local\Microsoft\WindowsApps;C:\Users\Aminu\AppData\Roaming\npm;C:\Users\Aminu\AppData\Local\Programs\Microsoft VS Code\bin;C:\Users\Aminu\AppData\Roaming\Composer\vendor\bin;C:\dart-sdk\bin;

Yarn version: 
  1.22.19

Node version: 
  18.14.2

Platform: 
  win32 x64

Trace: 
  Error: EPERM: operation not permitted, unlink 'C:\Users\Aminu\Desktop\ejob\frontend\node_modules\@esbuild\win32-x64\esbuild.exe'

npm manifest: 
  {
    "name": "frontend",
    "private": true,
    "version": "0.0.0",
    "type": "module",
    "scripts": {
      "dev": "vite",
      "build": "vite build",
      "lint": "eslint . --ext js,jsx --report-unused-disable-directives --max-warnings 0",
      "preview": "vite preview"
    },
    "dependencies": {
      "@fortawesome/fontawesome-svg-core": "^6.4.2",
      "@fortawesome/free-solid-svg-icons": "^6.4.2",
      "@fortawesome/react-fontawesome": "^0.2.0",
      "font-awesome": "^4.7.0",
      "framer-motion": "^10.16.4",
      "react": "^18.2.0",
      "react-dom": "^18.2.0",
      "react-router-dom": "^6.17.0"
    },
    "devDependencies": {
      "@types/react": "^18.2.15",
      "@types/react-dom": "^18.2.7",
      "@vitejs/plugin-react": "^4.0.3",
      "eslint": "^8.45.0",
      "eslint-plugin-react": "^7.32.2",
      "eslint-plugin-react-hooks": "^4.6.0",
      "eslint-plugin-react-refresh": "^0.4.3",
      "vite": "^4.4.5"
    }
  }

yarn manifest: 
  No manifest

Lockfile: 
  No lockfile
